Tue Aug 08 09:54:30 CEST 2017 : Server di rete Apache Derby: 10.10.2.0 - (1582446) avviato e pronto ad accettare connessioni sulla porta 1527
----------------------------------------------------------------
Tue Aug 08 09:54:32 CEST 2017:
Avvio della versione di Derby The Apache Software Foundation - Apache Derby - 10.10.2.0 - (1582446): istanza a816c00e-015d-c0d6-823f-ffffeaa39bc5
sulla directory di database /home/nikola/Documenti/UniCa/AMM/NerdBookDB con caricatore classi sun.misc.Launcher$AppClassLoader@1d44bcfa 
Caricato da file:/home/nikola/glassfish-4.1.1/javadb/lib/derby.jar
java.vendor=Oracle Corporation
java.runtime.version=1.8.0_101-b13
user.dir=/home/nikola/glassfish-4.1.1/javadb
os.name=Linux
os.arch=amd64
os.version=4.4.0-87-generic
derby.system.home=/home/nikola/Documenti/UniCa/AMM
Programma di caricamento classe database avviato - derby.database.classpath=''
----------------------------------------------------------------
Tue Aug 08 11:08:40 CEST 2017: arresto in corso del motore di Derby
----------------------------------------------------------------
Tue Aug 08 11:08:40 CEST 2017:
Arresto dell'istanza a816c00e-015d-c0d6-823f-ffffeaa39bc5 nella directory del database /home/nikola/Documenti/UniCa/AMM/NerdBookDB con il caricatore di classi sun.misc.Launcher$AppClassLoader@1d44bcfa 
----------------------------------------------------------------
